<?xml version="1.0" encoding="UTF-8"?>
<!-- Generated by org.testng.reporters.JUnitReportReporter -->
<testsuite skipped="0" hostname="DESKTOP-T7SG8HK" name="ipl.tab" tests="1" failures="0" timestamp="2022-06-23T17:59:57 IST" time="43.839" errors="0">
  <testcase name="ipl" time="43.839" classname="ipl.tab"/>
  <system-out/>
</testsuite> <!-- ipl.tab -->
